<?xml version="1.0" encoding="UTF-8"?>
<testsuite name="edu.jsu.mcis.TicTacToeInterfaceTest" tests="6" skipped="0" failures="0" errors="0" timestamp="2015-01-24T00:18:21" hostname="Scott-PC" time="0.086">
  <properties/>
  <testcase name="testIfXHasWonThroughTheInterface" classname="edu.jsu.mcis.TicTacToeInterfaceTest" time="0.06"/>
  <testcase name="testIsTheBoardFullThroughTheInterface" classname="edu.jsu.mcis.TicTacToeInterfaceTest" time="0.011"/>
  <testcase name="testColumnThreeWin" classname="edu.jsu.mcis.TicTacToeInterfaceTest" time="0.002"/>
  <testcase name="testTileWrittenWithO" classname="edu.jsu.mcis.TicTacToeInterfaceTest" time="0.006"/>
  <testcase name="testTileWrittenWithX" classname="edu.jsu.mcis.TicTacToeInterfaceTest" time="0.001"/>
  <testcase name="testTileCannotBeOverWritten" classname="edu.jsu.mcis.TicTacToeInterfaceTest" time="0.002"/>
  <system-out><![CDATA[
 |X| 
-----
 | | 
-----
 | | 


O|X| 
-----
 | | 
-----
 | | 


O|X| 
-----
 |X| 
-----
 | | 


O|X|O
-----
 |X| 
-----
 | | 


O|X|O
-----
 |X| 
-----
 |X| 


X| | 
-----
 | | 
-----
 | | 


X|O| 
-----
 | | 
-----
 | | 


X|O|X
-----
 | | 
-----
 | | 


X|O|X
-----
 | | 
-----
O| | 


X|O|X
-----
 | | 
-----
O|X| 


X|O|X
-----
 | | 
-----
O|X|O


X|O|X
-----
X| | 
-----
O|X|O


X|O|X
-----
X|O| 
-----
O|X|O


X|O|X
-----
X|O|X
-----
O|X|O


 | | 
-----
 |X| 
-----
 | | 


 | |O
-----
 |X| 
-----
 | | 


X| |O
-----
 |X| 
-----
 | | 


X| |O
-----
 |X|O
-----
 | | 


X|X|O
-----
 |X|O
-----
 | | 


X|X|O
-----
 |X|O
-----
 | |O


X| | 
-----
 | | 
-----
 | | 


X| | 
-----
O| | 
-----
 | | 


X| | 
-----
 | | 
-----
 | | 


X| | 
-----
 | | 
-----
 | | 


X| | 
-----
 | | 
-----
 | | 

]]></system-out>
  <system-err><![CDATA[]]></system-err>
</testsuite>
